ls: Cron.class
Cron.java
cron.log
hs_err_pid11733.log
Job.class
Job.java
Logger.class
Logger.java
Scheduler.class
Scheduler.java
UI.class
UI.java

ls: Cron.class
Cron.java
cron.log
hs_err_pid11733.log
Job.class
Job.java
Logger.class
Logger.java
Scheduler.class
Scheduler.java
UI.class
UI.java

echo hi: hi

ls: Cron.class
Cron.java
cron.log
hs_err_pid11733.log
Job.class
Job.java
Logger.class
Logger.java
Scheduler.class
Scheduler.java
UI.class
UI.java

echo hi: hi

echo hi: hi

echo hi: hi

echo hi: hi

echo hi: hi

ls: Cron.class
Cron.java
cron.log
hs_err_pid11733.log
Job.class
Job.java
Logger.class
Logger.java
Scheduler.class
Scheduler.java
UI.class
UI.java

echo hi: hi

echo hi: hi

echo hi: hi

