#
# There is insufficient memory for the Java Runtime Environment to continue.
# Native memory allocation (mmap) failed to map 33554432 bytes for committing reserved memory.
# Possible reasons:
#   The system is out of physical RAM or swap space
#   The process is running with CompressedOops enabled, and the Java Heap may be blocking the growth of the native heap
# Possible solutions:
#   Reduce memory load on the system
#   Increase physical memory or swap space
#   Check if swap backing store is full
#   Decrease Java heap size (-Xmx/-Xms)
#   Decrease number of Java threads
#   Decrease Java thread stack sizes (-Xss)
#   Set larger code cache with -XX:ReservedCodeCacheSize=
# This output file may be truncated or incomplete.
#
#  Out of Memory Error (os_linux.cpp:2719), pid=11733, tid=11734
#
# JRE version:  (11.0.3+7) (build )
# Java VM: OpenJDK 64-Bit Server VM (11.0.3+7-Ubuntu-1ubuntu218.04.1, mixed mode, aot, sharing, tiered, compressed oops, g1 gc, linux-amd64)
# Core dump will be written. Default location: Core dumps may be processed with "/usr/share/apport/apport %p %s %c %d %P" (or dumping to /home/18349788/Desktop/cron/core.11733)
#

---------------  S U M M A R Y ------------

Command Line: -Dapplication.home=/usr/lib/jvm/java-11-openjdk-amd64 --add-modules=ALL-DEFAULT -Xms8m -Djdk.module.main=jdk.compiler jdk.compiler/com.sun.tools.javac.Main Cron.java Job.java Logger.java Scheduler.java UI.java

Host: Intel(R) Core(TM) i7-8700 CPU @ 3.20GHz, 12 cores, 31G, Ubuntu 18.04.2 LTS
Time: Thu Aug 15 11:04:05 2019 AWST elapsed time: 0 seconds (0d 0h 0m 0s)

---------------  T H R E A D  ---------------

Current thread (0x00007f0df400f800):  JavaThread "Unknown thread" [_thread_in_vm, id=11734, stack(0x00007f0dfc54b000,0x00007f0dfc64c000)]

Stack: [0x00007f0dfc54b000,0x00007f0dfc64c000],  sp=0x00007f0dfc64a560,  free space=1021k
Native frames: (J=compiled Java code, A=aot compiled Java code, j=interpreted, Vv=VM code, C=native code)
V  [libjvm.so+0xde1587]
V  [libjvm.so+0xde21db]
V  [libjvm.so+0x650895]
V  [libjvm.so+0xbbc158]
V  [libjvm.so+0xbb3aef]
V  [libjvm.so+0x73c463]
V  [libjvm.so+0x73fdd2]
V  [libjvm.so+0x72da6a]
V  [libjvm.so+0xd9bae2]
V  [libjvm.so+0xd9bd76]
V  [libjvm.so+0x80edc7]
V  [libjvm.so+0xd7a797]
V  [libjvm.so+0x8c7ad1]  JNI_CreateJavaVM+0x51
C  [libjli.so+0x4816]
C  [libjli.so+0x900d]


---------------  P R O C E S S  ---------------

Threads class SMR info:
_java_thread_list=0x000055bedb84cf80, length=0, elements={
}

Java Threads: ( => current thread )

Other Threads:
  0x00007f0df4026800 GCTaskThread "GC Thread#0" [stack: 0x00007f0df8c9f000,0x00007f0df8d9f000] [id=11735]

[error occurred during error reporting (printing all threads), id 0xb, SIGSEGV (0xb) at pc=0x00007f0dfab346f1]

VM state:not at safepoint (not fully initialized)

VM Mutex/Monitor currently owned by a thread:  ([mutex/lock_event])
[0x00007f0df400e770] Heap_lock - owner thread: 0x00007f0df400f800

Heap address: 0x000000060b600000, size: 8010 MB, Compressed Oops mode: Non-zero based: 0x000000060b600000
Narrow klass base: 0x0000000000000000, Narrow klass shift: 0

GC Heap History (0 events):
No events

Deoptimization events (0 events):
No events

Classes redefined (0 events):
No events

Internal exceptions (0 events):
No events

Events (0 events):
No events


Dynamic libraries:
60b600000-800000000 ---p 00000000 00:00 0 
55bedb32b000-55bedb32d000 r-xp 00000000 103:04 266949                    /usr/lib/jvm/java-11-openjdk-amd64/bin/javac
55bedb52c000-55bedb52d000 r--p 00001000 103:04 266949                    /usr/lib/jvm/java-11-openjdk-amd64/bin/javac
55bedb52d000-55bedb52e000 rw-p 00002000 103:04 266949                    /usr/lib/jvm/java-11-openjdk-amd64/bin/javac
55bedb835000-55bedb856000 rw-p 00000000 00:00 0                          [heap]
7f0db8000000-7f0db8021000 rw-p 00000000 00:00 0 
7f0db8021000-7f0dbc000000 ---p 00000000 00:00 0 
7f0dc0000000-7f0dc0021000 rw-p 00000000 00:00 0 
7f0dc0021000-7f0dc4000000 ---p 00000000 00:00 0 
7f0dc56c1000-7f0dd8000000 ---p 00000000 00:00 0 
7f0dd8000000-7f0dd8021000 rw-p 00000000 00:00 0 
7f0dd8021000-7f0ddc000000 ---p 00000000 00:00 0 
7f0ddc77a000-7f0ddc77b000 ---p 00000000 00:00 0 
7f0ddc77b000-7f0ddc87c000 rw-p 00000000 00:00 0 
7f0ddc87c000-7f0ddc87d000 ---p 00000000 00:00 0 
7f0ddc87d000-7f0ddc97e000 rw-p 00000000 00:00 0 
7f0ddc97e000-7f0ddcbee000 rwxp 00000000 00:00 0 
7f0ddcbee000-7f0ddcf0f000 ---p 00000000 00:00 0 
7f0ddcf0f000-7f0ddd17f000 rwxp 00000000 00:00 0 
7f0ddd17f000-7f0de4446000 ---p 00000000 00:00 0 
7f0de4446000-7f0de46b6000 rwxp 00000000 00:00 0 
7f0de46b6000-7f0deb97e000 ---p 00000000 00:00 0 
7f0deb97e000-7f0df4000000 r--s 00000000 103:04 407159                    /usr/lib/jvm/java-11-openjdk-amd64/lib/modules
7f0df4000000-7f0df40ac000 rw-p 00000000 00:00 0 
7f0df40ac000-7f0df8000000 ---p 00000000 00:00 0 
7f0df808e000-7f0df8c9d000 rw-p 00000000 00:00 0 
7f0df8c9d000-7f0df8c9e000 ---p 00000000 00:00 0 
7f0df8c9e000-7f0df8da4000 rw-p 00000000 00:00 0 
7f0df8da4000-7f0df8e8a000 ---p 00000000 00:00 0 
7f0df8e8a000-7f0df8e8f000 rw-p 00000000 00:00 0 
7f0df8e8f000-7f0df8f75000 ---p 00000000 00:00 0 
7f0df8f75000-7f0df8f7a000 r-xp 00000000 103:04 394110                    /usr/lib/jvm/java-11-openjdk-amd64/lib/libjimage.so
7f0df8f7a000-7f0df9179000 ---p 00005000 103:04 394110                    /usr/lib/jvm/java-11-openjdk-amd64/lib/libjimage.so
7f0df9179000-7f0df917a000 r--p 00004000 103:04 394110                    /usr/lib/jvm/java-11-openjdk-amd64/lib/libjimage.so
7f0df917a000-7f0df917b000 rw-p 00005000 103:04 394110                    /usr/lib/jvm/java-11-openjdk-amd64/lib/libjimage.so
7f0df917b000-7f0df9182000 r-xp 00000000 103:04 395461                    /usr/lib/jvm/java-11-openjdk-amd64/lib/libzip.so
7f0df9182000-7f0df9381000 ---p 00007000 103:04 395461                    /usr/lib/jvm/java-11-openjdk-amd64/lib/libzip.so
7f0df9381000-7f0df9382000 r--p 00006000 103:04 395461                    /usr/lib/jvm/java-11-openjdk-amd64/lib/libzip.so
7f0df9382000-7f0df9383000 rw-p 00007000 103:04 395461                    /usr/lib/jvm/java-11-openjdk-amd64/lib/libzip.so
7f0df9383000-7f0df9478000 r--s 00000000 103:04 2239301                   /var/cache/nscd/passwd
7f0df9478000-7f0df94a1000 r-xp 00000000 103:04 394102                    /usr/lib/jvm/java-11-openjdk-amd64/lib/libjava.so
7f0df94a1000-7f0df96a0000 ---p 00029000 103:04 394102                    /usr/lib/jvm/java-11-openjdk-amd64/lib/libjava.so
7f0df96a0000-7f0df96a1000 r--p 00028000 103:04 394102                    /usr/lib/jvm/java-11-openjdk-amd64/lib/libjava.so
7f0df96a1000-7f0df96a3000 rw-p 00029000 103:04 394102                    /usr/lib/jvm/java-11-openjdk-amd64/lib/libjava.so
7f0df96a3000-7f0df96b0000 r-xp 00000000 103:04 395460                    /usr/lib/jvm/java-11-openjdk-amd64/lib/libverify.so
7f0df96b0000-7f0df98af000 ---p 0000d000 103:04 395460                    /usr/lib/jvm/java-11-openjdk-amd64/lib/libverify.so
7f0df98af000-7f0df98b1000 r--p 0000c000 103:04 395460                    /usr/lib/jvm/java-11-openjdk-amd64/lib/libverify.so
7f0df98b1000-7f0df98b2000 rw-p 0000e000 103:04 395460                    /usr/lib/jvm/java-11-openjdk-amd64/lib/libverify.so
7f0df98b2000-7f0df98b9000 r-xp 00000000 103:04 2889223                   /lib/x86_64-linux-gnu/librt-2.27.so
7f0df98b9000-7f0df9ab8000 ---p 00007000 103:04 2889223                   /lib/x86_64-linux-gnu/librt-2.27.so
7f0df9ab8000-7f0df9ab9000 r--p 00006000 103:04 2889223                   /lib/x86_64-linux-gnu/librt-2.27.so
7f0df9ab9000-7f0df9aba000 rw-p 00007000 103:04 2889223                   /lib/x86_64-linux-gnu/librt-2.27.so
7f0df9aba000-7f0df9ad1000 r-xp 00000000 103:04 2884645                   /lib/x86_64-linux-gnu/libgcc_s.so.1
7f0df9ad1000-7f0df9cd0000 ---p 00017000 103:04 2884645                   /lib/x86_64-linux-gnu/libgcc_s.so.1
7f0df9cd0000-7f0df9cd1000 r--p 00016000 103:04 2884645                   /lib/x86_64-linux-gnu/libgcc_s.so.1
7f0df9cd1000-7f0df9cd2000 rw-p 00017000 103:04 2884645                   /lib/x86_64-linux-gnu/libgcc_s.so.1
7f0df9cd2000-7f0df9e6f000 r-xp 00000000 103:04 2889145                   /lib/x86_64-linux-gnu/libm-2.27.so
7f0df9e6f000-7f0dfa06e000 ---p 0019d000 103:04 2889145                   /lib/x86_64-linux-gnu/libm-2.27.so
7f0dfa06e000-7f0dfa06f000 r--p 0019c000 103:04 2889145                   /lib/x86_64-linux-gnu/libm-2.27.so
7f0dfa06f000-7f0dfa070000 rw-p 0019d000 103:04 2889145                   /lib/x86_64-linux-gnu/libm-2.27.so
7f0dfa070000-7f0dfa1e9000 r-xp 00000000 103:04 2097639                   /usr/lib/x86_64-linux-gnu/libstdc++.so.6.0.25
7f0dfa1e9000-7f0dfa3e9000 ---p 00179000 103:04 2097639                   /usr/lib/x86_64-linux-gnu/libstdc++.so.6.0.25
7f0dfa3e9000-7f0dfa3f3000 r--p 00179000 103:04 2097639                   /usr/lib/x86_64-linux-gnu/libstdc++.so.6.0.25
7f0dfa3f3000-7f0dfa3f5000 rw-p 00183000 103:04 2097639                   /usr/lib/x86_64-linux-gnu/libstdc++.so.6.0.25
7f0dfa3f5000-7f0dfa3f9000 rw-p 00000000 00:00 0 
7f0dfa3f9000-7f0dfb4c1000 r-xp 00000000 103:04 407163                    /usr/lib/jvm/java-11-openjdk-amd64/lib/server/libjvm.so
7f0dfb4c1000-7f0dfb6c1000 ---p 010c8000 103:04 407163                    /usr/lib/jvm/java-11-openjdk-amd64/lib/server/libjvm.so
7f0dfb6c1000-7f0dfb77e000 r--p 010c8000 103:04 407163                    /usr/lib/jvm/java-11-openjdk-amd64/lib/server/libjvm.so
7f0dfb77e000-7f0dfb7b7000 rw-p 01185000 103:04 407163                    /usr/lib/jvm/java-11-openjdk-amd64/lib/server/libjvm.so
7f0dfb7b7000-7f0dfb80d000 rw-p 00000000 00:00 0 
7f0dfb80d000-7f0dfb827000 r-xp 00000000 103:04 2889215                   /lib/x86_64-linux-gnu/libpthread-2.27.so
7f0dfb827000-7f0dfba26000 ---p 0001a000 103:04 2889215                   /lib/x86_64-linux-gnu/libpthread-2.27.so
7f0dfba26000-7f0dfba27000 r--p 00019000 103:04 2889215                   /lib/x86_64-linux-gnu/libpthread-2.27.so
7f0dfba27000-7f0dfba28000 rw-p 0001a000 103:04 2889215                   /lib/x86_64-linux-gnu/libpthread-2.27.so
7f0dfba28000-7f0dfba2c000 rw-p 00000000 00:00 0 
7f0dfba2c000-7f0dfba2f000 r-xp 00000000 103:04 2889105                   /lib/x86_64-linux-gnu/libdl-2.27.so
7f0dfba2f000-7f0dfbc2e000 ---p 00003000 103:04 2889105                   /lib/x86_64-linux-gnu/libdl-2.27.so
7f0dfbc2e000-7f0dfbc2f000 r--p 00002000 103:04 2889105                   /lib/x86_64-linux-gnu/libdl-2.27.so
7f0dfbc2f000-7f0dfbc30000 rw-p 00003000 103:04 2889105                   /lib/x86_64-linux-gnu/libdl-2.27.so
7f0dfbc30000-7f0dfbc4c000 r-xp 00000000 103:04 2889254                   /lib/x86_64-linux-gnu/libz.so.1.2.11
7f0dfbc4c000-7f0dfbe4b000 ---p 0001c000 103:04 2889254                   /lib/x86_64-linux-gnu/libz.so.1.2.11
7f0dfbe4b000-7f0dfbe4c000 r--p 0001b000 103:04 2889254                   /lib/x86_64-linux-gnu/libz.so.1.2.11
7f0dfbe4c000-7f0dfbe4d000 rw-p 0001c000 103:04 2889254                   /lib/x86_64-linux-gnu/libz.so.1.2.11
7f0dfbe4d000-7f0dfc034000 r-xp 00000000 103:04 2889082                   /lib/x86_64-linux-gnu/libc-2.27.so
7f0dfc034000-7f0dfc234000 ---p 001e7000 103:04 2889082                   /lib/x86_64-linux-gnu/libc-2.27.so
7f0dfc234000-7f0dfc238000 r--p 001e7000 103:04 2889082                   /lib/x86_64-linux-gnu/libc-2.27.so
7f0dfc238000-7f0dfc23a000 rw-p 001eb000 103:04 2889082                   /lib/x86_64-linux-gnu/libc-2.27.so
7f0dfc23a000-7f0dfc23e000 rw-p 00000000 00:00 0 
7f0dfc23e000-7f0dfc24d000 r-xp 00000000 103:04 394077                    /usr/lib/jvm/java-11-openjdk-amd64/lib/jli/libjli.so
7f0dfc24d000-7f0dfc44d000 ---p 0000f000 103:04 394077                    /usr/lib/jvm/java-11-openjdk-amd64/lib/jli/libjli.so
7f0dfc44d000-7f0dfc44e000 r--p 0000f000 103:04 394077                    /usr/lib/jvm/java-11-openjdk-amd64/lib/jli/libjli.so
7f0dfc44e000-7f0dfc44f000 rw-p 00010000 103:04 394077                    /usr/lib/jvm/java-11-openjdk-amd64/lib/jli/libjli.so
7f0dfc44f000-7f0dfc476000 r-xp 00000000 103:04 2889054                   /lib/x86_64-linux-gnu/ld-2.27.so
7f0dfc50c000-7f0dfc54b000 rw-p 00000000 00:00 0 
7f0dfc54b000-7f0dfc54f000 ---p 00000000 00:00 0 
7f0dfc54f000-7f0dfc64e000 rw-p 00000000 00:00 0 
7f0dfc65c000-7f0dfc661000 rw-p 00000000 00:00 0 
7f0dfc661000-7f0dfc668000 ---p 00000000 00:00 0 
7f0dfc668000-7f0dfc66a000 r--s 00007000 103:04 2495759                   /usr/share/java/java-atk-wrapper.jar
7f0dfc66a000-7f0dfc672000 rw-s 00000000 103:04 2755488                   /tmp/hsperfdata_18349788/11733
7f0dfc672000-7f0dfc673000 ---p 00000000 00:00 0 
7f0dfc673000-7f0dfc674000 r--p 00000000 00:00 0 
7f0dfc674000-7f0dfc676000 rw-p 00000000 00:00 0 
7f0dfc676000-7f0dfc677000 r--p 00027000 103:04 2889054                   /lib/x86_64-linux-gnu/ld-2.27.so
7f0dfc677000-7f0dfc678000 rw-p 00028000 103:04 2889054                   /lib/x86_64-linux-gnu/ld-2.27.so
7f0dfc678000-7f0dfc679000 rw-p 00000000 00:00 0 
7ffe98b23000-7ffe98b44000 rw-p 00000000 00:00 0                          [stack]
7ffe98b80000-7ffe98b83000 r--p 00000000 00:00 0                          [vvar]
7ffe98b83000-7ffe98b85000 r-xp 00000000 00:00 0                          [vdso]
ffffffffff600000-ffffffffff601000 r-xp 00000000 00:00 0                  [vsyscall]


VM Arguments:
jvm_args: -Dapplication.home=/usr/lib/jvm/java-11-openjdk-amd64 --add-modules=ALL-DEFAULT -Xms8m -Djdk.module.main=jdk.compiler 
java_command: jdk.compiler/com.sun.tools.javac.Main Cron.java Job.java Logger.java Scheduler.java UI.java
java_class_path (initial): <not set>
Launcher Type: SUN_STANDARD

[Global flags]
     intx CICompilerCount                          = 4                                         {product} {ergonomic}
     uint ConcGCThreads                            = 3                                         {product} {ergonomic}
     uint G1ConcRefinementThreads                  = 10                                        {product} {ergonomic}
   size_t G1HeapRegionSize                         = 1048576                                   {product} {ergonomic}
    uintx GCDrainStackTargetSize                   = 64                                        {product} {ergonomic}
   size_t InitialHeapSize                          = 8388608                                   {product} {command line}
   size_t MarkStackSize                            = 4194304                                   {product} {ergonomic}
   size_t MaxHeapSize                              = 8399093760                                {product} {ergonomic}
   size_t MinHeapDeltaBytes                        = 1048576                                   {product} {ergonomic}
    uintx NonNMethodCodeHeapSize                   = 5835340                                {pd product} {ergonomic}
    uintx NonProfiledCodeHeapSize                  = 122911450                              {pd product} {ergonomic}
    uintx ProfiledCodeHeapSize                     = 122911450                              {pd product} {ergonomic}
    uintx ReservedCodeCacheSize                    = 251658240                              {pd product} {ergonomic}
     bool SegmentedCodeCache                       = true                                      {product} {ergonomic}
     bool UseCompressedClassPointers               = true                                 {lp64_product} {ergonomic}
     bool UseCompressedOops                        = true                                 {lp64_product} {ergonomic}
     bool UseG1GC                                  = true                                      {product} {ergonomic}

Logging:
Log output configuration:
 #0: stdout all=warning uptime,level,tags
 #1: stderr all=off uptime,level,tags

Environment Variables:
PATH=/usr/netbeans/bin/:/usr/local/bin:/home/administrator/.local/bin:/usr/local/sbin:/usr/local/bin:/usr/sbin:/usr/bin:/sbin:/bin:/usr/games:/usr/local/games:/snap/bin:/home/administrator/.bin:/usr/netbeans/bin
SHELL=/bin/bash
DISPLAY=:0

Signal Handlers:
SIGSEGV: [libjvm.so+0xde2f90], sa_mask[0]=11111111011111111101111111111110, sa_flags=SA_RESTART|SA_SIGINFO
SIGBUS: [libjvm.so+0xde2f90], sa_mask[0]=11111111011111111101111111111110, sa_flags=SA_RESTART|SA_SIGINFO
SIGFPE: [libjvm.so+0xde2f90], sa_mask[0]=11111111011111111101111111111110, sa_flags=SA_RESTART|SA_SIGINFO
SIGPIPE: [libjvm.so+0xbb85d0], sa_mask[0]=11111111011111111101111111111110, sa_flags=SA_RESTART|SA_SIGINFO
SIGXFSZ: [libjvm.so+0xbb85d0], sa_mask[0]=11111111011111111101111111111110, sa_flags=SA_RESTART|SA_SIGINFO
SIGILL: [libjvm.so+0xde2f90], sa_mask[0]=11111111011111111101111111111110, sa_flags=SA_RESTART|SA_SIGINFO
SIGUSR2: [libjvm.so+0xbb8470], sa_mask[0]=00000000000000000000000000000000, sa_flags=SA_RESTART|SA_SIGINFO
SIGHUP: SIG_DFL, sa_mask[0]=00000000000000000000000000000000, sa_flags=none
SIGINT: SIG_DFL, sa_mask[0]=00000000000000000000000000000000, sa_flags=none
SIGTERM: SIG_DFL, sa_mask[0]=00000000000000000000000000000000, sa_flags=none
SIGQUIT: SIG_DFL, sa_mask[0]=00000000000000000000000000000000, sa_flags=none


---------------  S Y S T E M  ---------------

OS:DISTRIB_ID=Ubuntu
DISTRIB_RELEASE=18.04
DISTRIB_CODENAME=bionic
DISTRIB_DESCRIPTION="Ubuntu 18.04.2 LTS"
uname:Linux 4.15.0-51-generic #55-Ubuntu SMP Wed May 15 14:27:21 UTC 2019 x86_64
libc:glibc 2.27 NPTL 2.27 
rlimit: STACK 8192k, CORE 0k, NPROC 127959, NOFILE 4096, AS infinity, DATA infinity, FSIZE infinity
load average:1.13 1.04 0.69

/proc/meminfo:
MemTotal:       32803892 kB
MemFree:          202468 kB
MemAvailable:          0 kB
Buffers:            1508 kB
Cached:            96924 kB
SwapCached:        16136 kB
Active:         30392432 kB
Inactive:        1793684 kB
Active(anon):   30384336 kB
Inactive(anon):  1787020 kB
Active(file):       8096 kB
Inactive(file):     6664 kB
Unevictable:          80 kB
Mlocked:              80 kB
SwapTotal:       7999484 kB
SwapFree:              8 kB
Dirty:                76 kB
Writeback:             0 kB
AnonPages:      32074472 kB
Mapped:            16596 kB
Shmem:             82492 kB
Slab:             136992 kB
SReclaimable:      55644 kB
SUnreclaim:        81348 kB
KernelStack:       15360 kB
PageTables:       135480 kB
NFS_Unstable:          0 kB
Bounce:                0 kB
WritebackTmp:          0 kB
CommitLimit:    24401428 kB
Committed_AS:   14810560 kB
VmallocTotal:   34359738367 kB
VmallocUsed:           0 kB
VmallocChunk:          0 kB
HardwareCorrupted:     0 kB
AnonHugePages:         0 kB
ShmemHugePages:        0 kB
ShmemPmdMapped:        0 kB
CmaTotal:              0 kB
CmaFree:               0 kB
HugePages_Total:       0
HugePages_Free:        0
HugePages_Rsvd:        0
HugePages_Surp:        0
Hugepagesize:       2048 kB
DirectMap4k:      849344 kB
DirectMap2M:    26277888 kB
DirectMap1G:     7340032 kB


/proc/sys/kernel/threads-max (system-wide limit on the number of threads):
255918


/proc/sys/vm/max_map_count (maximum number of memory map areas a process may have):
65530


/proc/sys/kernel/pid_max (system-wide limit on number of process identifiers):
32768



container (cgroup) information:
container_type: cgroupv1
cpu_cpuset_cpus: 0-11
cpu_memory_nodes: 0
active_processor_count: 12
cpu_quota: -1
cpu_period: 100000
cpu_shares: -1
memory_limit_in_bytes: -1
memory_and_swap_limit_in_bytes: -2
memory_soft_limit_in_bytes: -1
memory_usage_in_bytes: 32958799872
memory_max_usage_in_bytes: 0


CPU:total 12 (initial active 12) (6 cores per cpu, 2 threads per core) family 6 model 158 stepping 10, cmov, cx8, fxsr, mmx, sse, sse2, sse3, ssse3, sse4.1, sse4.2, popcnt, avx, avx2, aes, clmul, erms, rtm, 3dnowpref, lzcnt, ht, tsc, tscinvbit, bmi1, bmi2, adx, fma
CPU Model and flags from /proc/cpuinfo:
model name	: Intel(R) Core(TM) i7-8700 CPU @ 3.20GHz
flags		: fpu vme de pse tsc msr pae mce cx8 apic sep mtrr pge mca cmov pat pse36 clflush dts acpi mmx fxsr sse sse2 ss ht tm pbe syscall nx pdpe1gb rdtscp lm constant_tsc art arch_perfmon pebs bts rep_good nopl xtopology nonstop_tsc cpuid aperfmperf tsc_known_freq pni pclmulqdq dtes64 monitor ds_cpl vmx smx est tm2 ssse3 sdbg fma cx16 xtpr pdcm pcid sse4_1 sse4_2 x2apic movbe popcnt tsc_deadline_timer aes xsave avx f16c rdrand lahf_lm abm 3dnowprefetch cpuid_fault epb invpcid_single pti ssbd ibrs ibpb stibp tpr_shadow vnmi flexpriority ept vpid fsgsbase tsc_adjust bmi1 hle avx2 smep bmi2 erms invpcid rtm mpx rdseed adx smap clflushopt intel_pt xsaveopt xsavec xgetbv1 xsaves dtherm ida arat pln pts hwp hwp_notify hwp_act_window hwp_epp md_clear flush_l1d

Memory: 4k page, physical 32803892k(202544k free), swap 7999484k(12k free)

vm_info: OpenJDK 64-Bit Server VM (11.0.3+7-Ubuntu-1ubuntu218.04.1) for linux-amd64 JRE (11.0.3+7-Ubuntu-1ubuntu218.04.1), built on Apr 23 2019 18:34:35 by "buildd" with gcc 7.3.0

END.
